0 info it worked if it ends with ok
1 verbose cli [ '/usr/bin/nodejs',
1 verbose cli   '/usr/bin/npm',
1 verbose cli   'i',
1 verbose cli   'gulp-...',
1 verbose cli   '--save-dev' ]
2 info using npm@1.4.21
3 info using node@v0.10.25
4 verbose readDependencies using package.json deps
5 verbose cache add [ 'gulp-...', null ]
6 verbose cache add name=undefined spec="gulp-..." args=["gulp-...",null]
7 verbose parsed url { protocol: null,
7 verbose parsed url   slashes: null,
7 verbose parsed url   auth: null,
7 verbose parsed url   host: null,
7 verbose parsed url   port: null,
7 verbose parsed url   hostname: null,
7 verbose parsed url   hash: null,
7 verbose parsed url   search: null,
7 verbose parsed url   query: null,
7 verbose parsed url   pathname: 'gulp-...',
7 verbose parsed url   path: 'gulp-...',
7 verbose parsed url   href: 'gulp-...' }
8 silly lockFile 055a3cbd-gulp gulp-...
9 verbose lock gulp-... /home/ivan/.npm/055a3cbd-gulp.lock
10 silly lockFile 055a3cbd-gulp gulp-...
11 silly lockFile 055a3cbd-gulp gulp-...
12 verbose addNamed [ 'gulp-...', '' ]
13 verbose addNamed [ null, '*' ]
14 silly lockFile fa072827-gulp gulp-...@
15 verbose lock gulp-...@ /home/ivan/.npm/fa072827-gulp.lock
16 silly addNameRange { name: 'gulp-...', range: '*', hasData: false }
17 verbose request where is /gulp-...
18 verbose request registry https://registry.npmjs.org/
19 verbose request id fd9fef229bf359e6
20 verbose url raw /gulp-...
21 verbose url resolving [ 'https://registry.npmjs.org/', './gulp-...' ]
22 verbose url resolved https://registry.npmjs.org/gulp-...
23 verbose request where is https://registry.npmjs.org/gulp-...
24 info trying registry request attempt 1 at 11:02:27
25 http GET https://registry.npmjs.org/gulp-...
26 http 404 https://registry.npmjs.org/gulp-...
27 verbose headers { date: 'Fri, 20 Feb 2015 11:02:25 GMT',
27 verbose headers   server: 'CouchDB/1.6.1 (Erlang OTP/R14B04)',
27 verbose headers   'content-type': 'application/json',
27 verbose headers   'cache-control': 'max-age=0',
27 verbose headers   'content-length': '52',
27 verbose headers   'accept-ranges': 'bytes',
27 verbose headers   via: '1.1 varnish',
27 verbose headers   age: '0',
27 verbose headers   'x-served-by': 'cache-fra1229-FRA',
27 verbose headers   'x-cache': 'MISS',
27 verbose headers   'x-cache-hits': '0',
27 verbose headers   'x-timer': 'S1424430145.734685,VS0,VE108',
27 verbose headers   'keep-alive': 'timeout=10, max=50',
27 verbose headers   connection: 'Keep-Alive' }
28 silly registry.get cb [ 404,
28 silly registry.get   { date: 'Fri, 20 Feb 2015 11:02:25 GMT',
28 silly registry.get     server: 'CouchDB/1.6.1 (Erlang OTP/R14B04)',
28 silly registry.get     'content-type': 'application/json',
28 silly registry.get     'cache-control': 'max-age=0',
28 silly registry.get     'content-length': '52',
28 silly registry.get     'accept-ranges': 'bytes',
28 silly registry.get     via: '1.1 varnish',
28 silly registry.get     age: '0',
28 silly registry.get     'x-served-by': 'cache-fra1229-FRA',
28 silly registry.get     'x-cache': 'MISS',
28 silly registry.get     'x-cache-hits': '0',
28 silly registry.get     'x-timer': 'S1424430145.734685,VS0,VE108',
28 silly registry.get     'keep-alive': 'timeout=10, max=50',
28 silly registry.get     connection: 'Keep-Alive' } ]
29 silly lockFile fa072827-gulp gulp-...@
30 silly lockFile fa072827-gulp gulp-...@
31 error 404 404 Not Found: gulp-...
31 error 404
31 error 404 'gulp-...' is not in the npm registry.
31 error 404 You should bug the author to publish it
31 error 404 It was specified as a dependency of 'cambio_tmp'
31 error 404
31 error 404 Note that you can also install from a
31 error 404 tarball, folder, or http url, or git url.
32 error System Linux 3.16.0-30-generic
33 error command "/usr/bin/nodejs" "/usr/bin/npm" "i" "gulp-..." "--save-dev"
34 error cwd /home/ivan/Escritorio/practicaschungas/PL/Temperature-Converter-with-Karma
35 error node -v v0.10.25
36 error npm -v 1.4.21
37 error code E404
38 verbose exit [ 1, true ]
